[debug] [2022-10-16T21:08:53.187Z] ----------------------------------------------------------------------
[debug] [2022-10-16T21:08:53.189Z] Command:       /usr/local/bin/node /usr/local/bin/firebase init hosting
[debug] [2022-10-16T21:08:53.191Z] CLI Version:   11.9.0
[debug] [2022-10-16T21:08:53.191Z] Platform:      darwin
[debug] [2022-10-16T21:08:53.192Z] Node Version:  v16.17.0
[debug] [2022-10-16T21:08:53.194Z] Time:          Sun Oct 16 2022 22:08:53 GMT+0100 (British Summer Time)
[debug] [2022-10-16T21:08:53.194Z] ----------------------------------------------------------------------
[debug] 
[debug] [2022-10-16T21:08:53.204Z] > command requires scopes: ["email","openid","https://www.googleapis.com/auth/cloudplatformprojects.readonly","https://www.googleapis.com/auth/firebase","https://www.googleapis.com/auth/cloud-platform"]
[debug] [2022-10-16T21:08:53.204Z] > authorizing via signed-in user (jubeennp@gmail.com)
[info] 
     ######## #### ########  ######## ########     ###     ######  ########
     ##        ##  ##     ## ##       ##     ##  ##   ##  ##       ##
     ######    ##  ########  ######   ########  #########  ######  ######
     ##        ##  ##    ##  ##       ##     ## ##     ##       ## ##
     ##       #### ##     ## ######## ########  ##     ##  ######  ########

You're about to initialize a Firebase project in this directory:

  /Users/jubeenamatya/Desktop/Full Stack/MERN/App 2

[info] 
=== Project Setup
[info] 
[info] First, let's associate this project directory with a Firebase project.
[info] You can create multiple project aliases by running firebase use --add, 
[info] but for now we'll just set up a default project.
[info] 
[info] i  If you want to create a project in a Google Cloud organization or folder, please use "firebase projects:create" instead, and return to this command when you've created the project. 
[debug] [2022-10-16T21:09:31.132Z] > refreshing access token with scopes: []
[debug] [2022-10-16T21:09:31.135Z] >>> [apiv2][query] POST https://www.googleapis.com/oauth2/v3/token [none]
[debug] [2022-10-16T21:09:31.137Z] >>> [apiv2][body] POST https://www.googleapis.com/oauth2/v3/token [omitted]
[debug] [2022-10-16T21:09:31.274Z] <<< [apiv2][status] POST https://www.googleapis.com/oauth2/v3/token 200
[debug] [2022-10-16T21:09:31.274Z] <<< [apiv2][body] POST https://www.googleapis.com/oauth2/v3/token [omitted]
[debug] [2022-10-16T21:09:31.293Z] >>> [apiv2][query] POST https://cloudresourcemanager.googleapis.com/v1/projects [none]
[debug] [2022-10-16T21:09:31.293Z] >>> [apiv2][body] POST https://cloudresourcemanager.googleapis.com/v1/projects {"projectId":"mern-frontend","name":"mern-frontend"}
[debug] [2022-10-16T21:09:32.017Z] <<< [apiv2][status] POST https://cloudresourcemanager.googleapis.com/v1/projects 409
[debug] [2022-10-16T21:09:32.018Z] <<< [apiv2][body] POST https://cloudresourcemanager.googleapis.com/v1/projects {"error":{"code":409,"message":"Requested entity already exists","status":"ALREADY_EXISTS"}}
[debug] [2022-10-16T21:09:32.063Z] FirebaseError: HTTP Error: 409, Requested entity already exists
    at responseToError (/usr/local/lib/node_modules/firebase-tools/lib/responseToError.js:49:12)
    at RetryOperation._fn (/usr/local/lib/node_modules/firebase-tools/lib/apiv2.js:288:77)
    at processTicksAndRejections (node:internal/process/task_queues:96:5)
[error] 
[error] Error: Failed to create project because there is already a project with ID mern-frontend. Please try again with a unique project ID.
[debug] [2022-10-16T21:09:58.074Z] ----------------------------------------------------------------------
[debug] [2022-10-16T21:09:58.076Z] Command:       /usr/local/bin/node /usr/local/bin/firebase init hosting
[debug] [2022-10-16T21:09:58.076Z] CLI Version:   11.9.0
[debug] [2022-10-16T21:09:58.077Z] Platform:      darwin
[debug] [2022-10-16T21:09:58.077Z] Node Version:  v16.17.0
[debug] [2022-10-16T21:09:58.087Z] Time:          Sun Oct 16 2022 22:09:58 GMT+0100 (British Summer Time)
[debug] [2022-10-16T21:09:58.088Z] ----------------------------------------------------------------------
[debug] 
[debug] [2022-10-16T21:09:58.095Z] > command requires scopes: ["email","openid","https://www.googleapis.com/auth/cloudplatformprojects.readonly","https://www.googleapis.com/auth/firebase","https://www.googleapis.com/auth/cloud-platform"]
[debug] [2022-10-16T21:09:58.096Z] > authorizing via signed-in user (jubeennp@gmail.com)
[info] 
     ######## #### ########  ######## ########     ###     ######  ########
     ##        ##  ##     ## ##       ##     ##  ##   ##  ##       ##
     ######    ##  ########  ######   ########  #########  ######  ######
     ##        ##  ##    ##  ##       ##     ## ##     ##       ## ##
     ##       #### ##     ## ######## ########  ##     ##  ######  ########

You're about to initialize a Firebase project in this directory:

  /Users/jubeenamatya/Desktop/Full Stack/MERN/App 2

[info] 
=== Project Setup
[info] 
[info] First, let's associate this project directory with a Firebase project.
[info] You can create multiple project aliases by running firebase use --add, 
[info] but for now we'll just set up a default project.
[info] 
[info] i  If you want to create a project in a Google Cloud organization or folder, please use "firebase projects:create" instead, and return to this command when you've created the project. 
[debug] [2022-10-16T21:10:15.608Z] >>> [apiv2][query] POST https://cloudresourcemanager.googleapis.com/v1/projects [none]
[debug] [2022-10-16T21:10:15.608Z] >>> [apiv2][body] POST https://cloudresourcemanager.googleapis.com/v1/projects {"projectId":"firebase-mern-frontend-hosting","name":"firebase-mern-frontend-hosting"}
[debug] [2022-10-16T21:10:16.481Z] <<< [apiv2][status] POST https://cloudresourcemanager.googleapis.com/v1/projects 200
[debug] [2022-10-16T21:10:16.481Z] <<< [apiv2][body] POST https://cloudresourcemanager.googleapis.com/v1/projects {"name":"operations/cp.6380664606465171985"}
[debug] [2022-10-16T21:10:16.484Z] >>> [apiv2][query] GET https://cloudresourcemanager.googleapis.com/v1/operations/cp.6380664606465171985 [none]
[debug] [2022-10-16T21:10:17.280Z] <<< [apiv2][status] GET https://cloudresourcemanager.googleapis.com/v1/operations/cp.6380664606465171985 200
[debug] [2022-10-16T21:10:17.281Z] <<< [apiv2][body] GET https://cloudresourcemanager.googleapis.com/v1/operations/cp.6380664606465171985 {"name":"operations/cp.6380664606465171985"}
[debug] [2022-10-16T21:10:17.784Z] [Project Creation Poller] Retrying task index 0
[debug] [2022-10-16T21:10:17.785Z] >>> [apiv2][query] GET https://cloudresourcemanager.googleapis.com/v1/operations/cp.6380664606465171985 [none]
[debug] [2022-10-16T21:10:18.608Z] <<< [apiv2][status] GET https://cloudresourcemanager.googleapis.com/v1/operations/cp.6380664606465171985 200
[debug] [2022-10-16T21:10:18.608Z] <<< [apiv2][body] GET https://cloudresourcemanager.googleapis.com/v1/operations/cp.6380664606465171985 {"name":"operations/cp.6380664606465171985","metadata":{"@type":"type.googleapis.com/google.cloudresourcemanager.v1.ProjectCreationStatus","gettable":true}}
[debug] [2022-10-16T21:10:19.609Z] [Project Creation Poller] Retrying task index 0
[debug] [2022-10-16T21:10:19.610Z] >>> [apiv2][query] GET https://cloudresourcemanager.googleapis.com/v1/operations/cp.6380664606465171985 [none]
[debug] [2022-10-16T21:10:20.452Z] <<< [apiv2][status] GET https://cloudresourcemanager.googleapis.com/v1/operations/cp.6380664606465171985 200
[debug] [2022-10-16T21:10:20.452Z] <<< [apiv2][body] GET https://cloudresourcemanager.googleapis.com/v1/operations/cp.6380664606465171985 {"name":"operations/cp.6380664606465171985","metadata":{"@type":"type.googleapis.com/google.cloudresourcemanager.v1.ProjectCreationStatus","gettable":true,"ready":true},"done":true,"response":{"@type":"type.googleapis.com/google.cloudresourcemanager.v1.Project","projectNumber":"1097261861127","projectId":"firebase-mern-frontend-hosting","lifecycleState":"ACTIVE","name":"firebase-mern-frontend-hosting","createTime":"2022-10-16T21:10:16.304Z"}}
[debug] [2022-10-16T21:10:20.454Z] >>> [apiv2][query] POST https://firebase.googleapis.com/v1beta1/projects/firebase-mern-frontend-hosting:addFirebase [none]
[debug] [2022-10-16T21:10:23.424Z] <<< [apiv2][status] POST https://firebase.googleapis.com/v1beta1/projects/firebase-mern-frontend-hosting:addFirebase 200
[debug] [2022-10-16T21:10:23.424Z] <<< [apiv2][body] POST https://firebase.googleapis.com/v1beta1/projects/firebase-mern-frontend-hosting:addFirebase {"name":"operations/workflows/YmUzMmFkMTAtYzIzZC00N2RlLTlmN2EtYTdhNjY3M2I0ZmFm"}
[debug] [2022-10-16T21:10:23.425Z] >>> [apiv2][query] GET https://firebase.googleapis.com/v1beta1/operations/workflows/YmUzMmFkMTAtYzIzZC00N2RlLTlmN2EtYTdhNjY3M2I0ZmFm [none]
[debug] [2022-10-16T21:10:24.142Z] <<< [apiv2][status] GET https://firebase.googleapis.com/v1beta1/operations/workflows/YmUzMmFkMTAtYzIzZC00N2RlLTlmN2EtYTdhNjY3M2I0ZmFm 200
[debug] [2022-10-16T21:10:24.142Z] <<< [apiv2][body] GET https://firebase.googleapis.com/v1beta1/operations/workflows/YmUzMmFkMTAtYzIzZC00N2RlLTlmN2EtYTdhNjY3M2I0ZmFm {"name":"operations/workflows/YmUzMmFkMTAtYzIzZC00N2RlLTlmN2EtYTdhNjY3M2I0ZmFm"}
[debug] [2022-10-16T21:10:24.644Z] [Add Firebase Poller] Retrying task index 0
[debug] [2022-10-16T21:10:24.645Z] >>> [apiv2][query] GET https://firebase.googleapis.com/v1beta1/operations/workflows/YmUzMmFkMTAtYzIzZC00N2RlLTlmN2EtYTdhNjY3M2I0ZmFm [none]
[debug] [2022-10-16T21:10:25.366Z] <<< [apiv2][status] GET https://firebase.googleapis.com/v1beta1/operations/workflows/YmUzMmFkMTAtYzIzZC00N2RlLTlmN2EtYTdhNjY3M2I0ZmFm 200
[debug] [2022-10-16T21:10:25.366Z] <<< [apiv2][body] GET https://firebase.googleapis.com/v1beta1/operations/workflows/YmUzMmFkMTAtYzIzZC00N2RlLTlmN2EtYTdhNjY3M2I0ZmFm {"name":"operations/workflows/YmUzMmFkMTAtYzIzZC00N2RlLTlmN2EtYTdhNjY3M2I0ZmFm"}
[debug] [2022-10-16T21:10:26.367Z] [Add Firebase Poller] Retrying task index 0
[debug] [2022-10-16T21:10:26.367Z] >>> [apiv2][query] GET https://firebase.googleapis.com/v1beta1/operations/workflows/YmUzMmFkMTAtYzIzZC00N2RlLTlmN2EtYTdhNjY3M2I0ZmFm [none]
[debug] [2022-10-16T21:10:27.008Z] <<< [apiv2][status] GET https://firebase.googleapis.com/v1beta1/operations/workflows/YmUzMmFkMTAtYzIzZC00N2RlLTlmN2EtYTdhNjY3M2I0ZmFm 200
[debug] [2022-10-16T21:10:27.008Z] <<< [apiv2][body] GET https://firebase.googleapis.com/v1beta1/operations/workflows/YmUzMmFkMTAtYzIzZC00N2RlLTlmN2EtYTdhNjY3M2I0ZmFm {"name":"operations/workflows/YmUzMmFkMTAtYzIzZC00N2RlLTlmN2EtYTdhNjY3M2I0ZmFm"}
[debug] [2022-10-16T21:10:29.009Z] [Add Firebase Poller] Retrying task index 0
[debug] [2022-10-16T21:10:29.010Z] >>> [apiv2][query] GET https://firebase.googleapis.com/v1beta1/operations/workflows/YmUzMmFkMTAtYzIzZC00N2RlLTlmN2EtYTdhNjY3M2I0ZmFm [none]
[debug] [2022-10-16T21:10:29.568Z] <<< [apiv2][status] GET https://firebase.googleapis.com/v1beta1/operations/workflows/YmUzMmFkMTAtYzIzZC00N2RlLTlmN2EtYTdhNjY3M2I0ZmFm 200
[debug] [2022-10-16T21:10:29.569Z] <<< [apiv2][body] GET https://firebase.googleapis.com/v1beta1/operations/workflows/YmUzMmFkMTAtYzIzZC00N2RlLTlmN2EtYTdhNjY3M2I0ZmFm {"name":"operations/workflows/YmUzMmFkMTAtYzIzZC00N2RlLTlmN2EtYTdhNjY3M2I0ZmFm"}
[debug] [2022-10-16T21:10:33.570Z] [Add Firebase Poller] Retrying task index 0
[debug] [2022-10-16T21:10:33.571Z] >>> [apiv2][query] GET https://firebase.googleapis.com/v1beta1/operations/workflows/YmUzMmFkMTAtYzIzZC00N2RlLTlmN2EtYTdhNjY3M2I0ZmFm [none]
[debug] [2022-10-16T21:10:34.172Z] <<< [apiv2][status] GET https://firebase.googleapis.com/v1beta1/operations/workflows/YmUzMmFkMTAtYzIzZC00N2RlLTlmN2EtYTdhNjY3M2I0ZmFm 200
[debug] [2022-10-16T21:10:34.172Z] <<< [apiv2][body] GET https://firebase.googleapis.com/v1beta1/operations/workflows/YmUzMmFkMTAtYzIzZC00N2RlLTlmN2EtYTdhNjY3M2I0ZmFm {"name":"operations/workflows/YmUzMmFkMTAtYzIzZC00N2RlLTlmN2EtYTdhNjY3M2I0ZmFm","done":true,"response":{"@type":"type.googleapis.com/google.firebase.service.v1beta1.FirebaseProject","projectId":"firebase-mern-frontend-hosting","projectNumber":"1097261861127","displayName":"firebase-mern-frontend-hosting","name":"projects/firebase-mern-frontend-hosting","resources":{"hostingSite":"fir-mern-frontend-hosting"}}}
[info] 
[info] 🎉🎉🎉 Your Firebase project is ready! 🎉🎉🎉
[info] 
[info] Project information:
[info]    - Project ID: firebase-mern-frontend-hosting
[info]    - Project Name: firebase-mern-frontend-hosting
[info] 
[info] Firebase console is available at
[info] https://console.firebase.google.com/project/firebase-mern-frontend-hosting/overview
[info] i  Using project firebase-mern-frontend-hosting (firebase-mern-frontend-hosting) 
[info] 
=== Hosting Setup
[info] 
[info] Your public directory is the folder (relative to your project directory) that
[info] will contain Hosting assets to be uploaded with firebase deploy. If you
[info] have a build process for your assets, use your build's output directory.
[info] 
[debug] [2022-10-16T21:11:26.680Z] >>> [apiv2][query] GET https://www.gstatic.com/firebasejs/releases.json [none]
[debug] [2022-10-16T21:11:26.743Z] <<< [apiv2][status] GET https://www.gstatic.com/firebasejs/releases.json 200
[debug] [2022-10-16T21:11:26.744Z] <<< [apiv2][body] GET https://www.gstatic.com/firebasejs/releases.json {"current":{"version":"9.12.1","browserURL":"https://www.gstatic.com/firebasejs/9.12.1/firebase.js","packageURL":"https://www.gstatic.com/firebasejs/9.12.1/firebase.tgz"},"live":{"version":"9.12","browserURL":"https://www.gstatic.com/firebasejs/live/9.12/firebase.js","packageURL":"https://www.gstatic.com/firebasejs/live/9.12/firebase.tgz"},"components":{"analytics":"https://www.gstatic.com/firebasejs/9.12.1/firebase-analytics.js","app":"https://www.gstatic.com/firebasejs/9.12.1/firebase-app.js","app-check":"https://www.gstatic.com/firebasejs/9.12.1/firebase-app-check.js","auth":"https://www.gstatic.com/firebasejs/9.12.1/firebase-auth.js","auth/cordova":"https://www.gstatic.com/firebasejs/9.12.1/firebase-auth/cordova.js","auth/react-native":"https://www.gstatic.com/firebasejs/9.12.1/firebase-auth/react-native.js","functions":"https://www.gstatic.com/firebasejs/9.12.1/firebase-functions.js","firestore":"https://www.gstatic.com/firebasejs/9.12.1/firebase-firestore.js","firestore/lite":"https://www.gstatic.com/firebasejs/9.12.1/firebase-firestore/lite.js","installations":"https://www.gstatic.com/firebasejs/9.12.1/firebase-installations.js","storage":"https://www.gstatic.com/firebasejs/9.12.1/firebase-storage.js","performance":"https://www.gstatic.com/firebasejs/9.12.1/firebase-performance.js","remote-config":"https://www.gstatic.com/firebasejs/9.12.1/firebase-remote-config.js","messaging":"https://www.gstatic.com/firebasejs/9.12.1/firebase-messaging.js","messaging/sw":"https://www.gstatic.com/firebasejs/9.12.1/firebase-messaging/sw.js","database":"https://www.gstatic.com/firebasejs/9.12.1/firebase-database.js","firestore.memory":"https://www.gstatic.com/firebasejs/9.12.1/firebase-firestore.memory.js"}}
[info] i  Skipping write of build/index.html 
[info] 
[info] i  Didn't detect a .git folder. Assuming /Users/jubeenamatya/Desktop/Full Stack/MERN/App 2 is the project root. 
[info] i  Authorizing with GitHub to upload your service account to a GitHub repository's secrets store. 
[info] 
[info] Visit this URL on this device to log in:
[info] https://github.com/login/oauth/authorize?client_id=89cf50f02ac6aaed3484&state=724711184&redirect_uri=http%3A%2F%2Flocalhost%3A9005&scope=read%3Auser%20repo%20public_repo
[info] 
[info] Waiting for authentication...
[debug] [2022-10-16T21:11:52.322Z] >>> [apiv2][query] POST https://github.com/login/oauth/access_token [none]
[debug] [2022-10-16T21:11:52.323Z] >>> [apiv2][body] POST https://github.com/login/oauth/access_token [stream]
[debug] [2022-10-16T21:11:52.585Z] <<< [apiv2][status] POST https://github.com/login/oauth/access_token 200
[debug] [2022-10-16T21:11:52.585Z] <<< [apiv2][body] POST https://github.com/login/oauth/access_token {"access_token":"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","token_type":"bearer","scope":"read:user,repo"}
[debug] [2022-10-16T21:11:52.609Z] >>> [apiv2][query] GET https://api.github.com/user [none]
[debug] [2022-10-16T21:11:52.906Z] <<< [apiv2][status] GET https://api.github.com/user 200
[debug] [2022-10-16T21:11:52.906Z] <<< [apiv2][body] GET https://api.github.com/user {"login":"jubain","id":45592860,"node_id":"MDQ6VXNlcjQ1NTkyODYw","avatar_url":"https://avatars.githubusercontent.com/u/45592860?v=4","gravatar_id":"","url":"https://api.github.com/users/jubain","html_url":"https://github.com/jubain","followers_url":"https://api.github.com/users/jubain/followers","following_url":"https://api.github.com/users/jubain/following{/other_user}","gists_url":"https://api.github.com/users/jubain/gists{/gist_id}","starred_url":"https://api.github.com/users/jubain/starred{/owner}{/repo}","subscriptions_url":"https://api.github.com/users/jubain/subscriptions","organizations_url":"https://api.github.com/users/jubain/orgs","repos_url":"https://api.github.com/users/jubain/repos","events_url":"https://api.github.com/users/jubain/events{/privacy}","received_events_url":"https://api.github.com/users/jubain/received_events","type":"User","site_admin":false,"name":"Jubeen Amatya","company":null,"blog":"https://jubeenamatya1.netlify.app/","location":"London","email":null,"hireable":null,"bio":"I am a frontend developer with skills in HTML,CSS, JavaScript, React JS, Next JS, React Native and Node JS. I","twitter_username":null,"public_repos":18,"public_gists":0,"followers":2,"following":1,"created_at":"2018-12-04T10:31:05Z","updated_at":"2022-09-28T15:00:35Z","private_gists":0,"total_private_repos":11,"owned_private_repos":11,"disk_usage":160113,"collaborators":4,"two_factor_authentication":false,"plan":{"name":"pro","space":976562499,"collaborators":0,"private_repos":9999}}
[info] 
[info] ✔  Success! Logged into GitHub as jubain 
[info] 
